<?xml version="1.0" encoding="UTF-8"?>
<!-- Generated by org.testng.reporters.JUnitXMLReporter -->
<testsuite hostname="LAPTOP-BVJUFEGP" name="Test" tests="1" failures="1" timestamp="16 Jan 2018 16:25:58 GMT" time="24.682" errors="0">
  <testcase name="Trending" time="0.011" classname="testScript.TC1">
    <failure type="java.io.FileNotFoundException" message=".\testData\loginDetails.xlsx (The system cannot find the path specified)">
      <![CDATA[java.io.FileNotFoundException: .\testData\loginDetails.xlsx (The system cannot find the path specified)
	at java.io.FileInputStream.open0(Native Method)
	at java.io.FileInputStream.open(Unknown Source)
	at java.io.FileInputStream.<init>(Unknown Source)
	at utility.ExcelReading.<init>(ExcelReading.java:19)
	at testScript.TC1.Trending(TC1.java:25)
... Removed 24 stack frames]]>
    </failure>
  </testcase> <!-- Trending -->
</testsuite> <!-- Test -->
